This file contains any messages produced by compilers while
running configure, to aid debugging if configure makes a mistake.

It was created by dfu-util configure 0.9+usbdk, which was
generated by GNU Autoconf 2.69.  Invocation command line was

  $ ./configure 

## --------- ##
## Platform. ##
## --------- ##

hostname = glados.local
uname -m = x86_64
uname -r = 19.4.0
uname -s = Darwin
uname -v = Darwin Kernel Version 19.4.0: Wed Mar  4 22:28:40 PST 2020; root:xnu-6153.101.6~15/RELEASE_X86_64

/usr/bin/uname -p = i386
/bin/uname -X     = unknown

/bin/arch              = unknown
/usr/bin/arch -k       = unknown
/usr/convex/getsysinfo = unknown
/usr/bin/hostinfo      = Mach kernel version:
	 Darwin Kernel Version 19.4.0: Wed Mar  4 22:28:40 PST 2020; root:xnu-6153.101.6~15/RELEASE_X86_64
Kernel configured for up to 8 processors.
4 processors are physically available.
8 processors are logically available.
Processor type: i486 (Intel 80486)
Processors active: 0 1 2 3 4 5 6 7
Primary memory available: 16.00 gigabytes
Default processor set: 566 tasks, 2896 threads, 8 processors
Load average: 3.14, Mach factor: 4.84
/bin/machine           = unknown
/usr/bin/oslevel       = unknown
/bin/universe          = unknown

PATH: /Users/heron/.rvm/gems/ruby-2.4.4/bin
PATH: /Users/heron/.rvm/gems/ruby-2.4.4@global/bin
PATH: /Users/heron/.rvm/rubies/ruby-2.4.4/bin
PATH: /usr/local/opt/bison/bin
PATH: /Users/heron/Library/Python/3.7/bin
PATH: /usr/local/Cellar/postgresql@9.6/9.6.15/bin
PATH: /Users/heron/Development/depot_tools
PATH: /opt/local/bin
PATH: /usr/local/heroku/bin
PATH: /Users/heron/.bin
PATH: /usr/local/bin
PATH: /usr/bin
PATH: /bin
PATH: /usr/sbin
PATH: /sbin
PATH: /usr/local/share/dotnet
PATH: /opt/X11/bin
PATH: ~/.dotnet/tools
PATH: /Library/Apple/usr/bin
PATH: /Library/Frameworks/Mono.framework/Versions/Current/Commands
PATH: /usr/local/rvm/bin
PATH: /Users/heron/.local/bin
PATH: /Users/heron/.rvm/bin
PATH: /Users/heron/Library/Android/sdk/platform-tools
PATH: /usr/local/bin
PATH: /Users/heron/bin
PATH: /Users/heron/.rvm/bin
PATH: /Users/heron/.local/bin


## ----------- ##
## Core tests. ##
## ----------- ##

configure:2259: checking for a BSD-compatible install
configure:2327: result: /usr/local/bin/ginstall -c
configure:2338: checking whether build environment is sane
configure:2393: result: yes
configure:2544: checking for a thread-safe mkdir -p
configure:2583: result: /usr/local/bin/gmkdir -p
configure:2590: checking for gawk
configure:2620: result: no
configure:2590: checking for mawk
configure:2620: result: no
configure:2590: checking for nawk
configure:2620: result: no
configure:2590: checking for awk
configure:2606: found /usr/bin/awk
configure:2617: result: awk
configure:2628: checking whether make sets $(MAKE)
configure:2650: result: yes
configure:2679: checking whether make supports nested variables
configure:2696: result: yes
configure:2837: checking whether make supports nested variables
configure:2854: result: yes
configure:2915: checking for gcc
configure:2931: found /usr/bin/gcc
configure:2942: result: gcc
configure:3171: checking for C compiler version
configure:3180: gcc --version >&5
Apple clang version 11.0.3 (clang-1103.0.32.59)
Target: x86_64-apple-darwin19.4.0
Thread model: posix
InstalledDir: /Applications/Xcode.app/Contents/Developer/Toolchains/XcodeDefault.xctoolchain/usr/bin
Configured with: --prefix=/Applications/Xcode.app/Contents/Developer/usr --with-gxx-include-dir=/Applications/Xcode.app/Contents/Developer/Platforms/MacOSX.platform/Developer/SDKs/MacOSX.sdk/usr/include/c++/4.2.1
configure:3191: $? = 0
configure:3180: gcc -v >&5
Configured with: --prefix=/Applications/Xcode.app/Contents/Developer/usr --with-gxx-include-dir=/Applications/Xcode.app/Contents/Developer/Platforms/MacOSX.platform/Developer/SDKs/MacOSX.sdk/usr/include/c++/4.2.1
Apple clang version 11.0.3 (clang-1103.0.32.59)
Target: x86_64-apple-darwin19.4.0
Thread model: posix
InstalledDir: /Applications/Xcode.app/Contents/Developer/Toolchains/XcodeDefault.xctoolchain/usr/bin
configure:3191: $? = 0
configure:3180: gcc -V >&5
clang: error: unsupported option '-V -Wno-objc-signed-char-bool-implicit-int-conversion'
clang: error: no input files
configure:3191: $? = 1
configure:3180: gcc -qversion >&5
clang: error: unknown argument '-qversion'; did you mean '--version'?
clang: error: no input files
configure:3191: $? = 1
configure:3211: checking whether the C compiler works
configure:3233: gcc   -L/usr/local/opt/bison/lib conftest.c  >&5
configure:3237: $? = 0
configure:3285: result: yes
configure:3288: checking for C compiler default output file name
configure:3290: result: a.out
configure:3296: checking for suffix of executables
configure:3303: gcc -o conftest   -L/usr/local/opt/bison/lib conftest.c  >&5
configure:3307: $? = 0
configure:3329: result: 
configure:3351: checking whether we are cross compiling
configure:3359: gcc -o conftest   -L/usr/local/opt/bison/lib conftest.c  >&5
configure:3363: $? = 0
configure:3370: ./conftest
configure:3374: $? = 0
configure:3389: result: no
configure:3394: checking for suffix of object files
configure:3416: gcc -c   conftest.c >&5
configure:3420: $? = 0
configure:3441: result: o
configure:3445: checking whether we are using the GNU C compiler
configure:3464: gcc -c   conftest.c >&5
configure:3464: $? = 0
configure:3473: result: yes
configure:3482: checking whether gcc accepts -g
configure:3502: gcc -c -g  conftest.c >&5
configure:3502: $? = 0
configure:3543: result: yes
configure:3560: checking for gcc option to accept ISO C89
configure:3623: gcc  -c -g -O2  conftest.c >&5
configure:3623: $? = 0
configure:3636: result: none needed
configure:3661: checking whether gcc understands -c and -o together
configure:3683: gcc -c conftest.c -o conftest2.o
configure:3686: $? = 0
configure:3683: gcc -c conftest.c -o conftest2.o
configure:3686: $? = 0
configure:3698: result: yes
configure:3718: checking whether make supports the include directive
configure:3733: make -f confmf.GNU && cat confinc.out
this is the am__doit target
configure:3736: $? = 0
configure:3755: result: yes (GNU style)
configure:3780: checking dependency style of gcc
configure:3891: result: gcc3
configure:3910: checking for libusb_init in -lusb
configure:3935: gcc -o conftest -g -O2  -L/usr/local/opt/bison/lib conftest.c -lusb   >&5
ld: library not found for -lusb
clang: error: linker command failed with exit code 1 (use -v to see invocation)
configure:3935: $? = 1
configure: failed program was:
| /* confdefs.h */
| #define PACKAGE_NAME "dfu-util"
| #define PACKAGE_TARNAME "dfu-util"
| #define PACKAGE_VERSION "0.9+usbdk"
| #define PACKAGE_STRING "dfu-util 0.9+usbdk"
| #define PACKAGE_BUGREPORT "http://sourceforge.net/p/dfu-util/tickets/"
| #define PACKAGE_URL "http://dfu-util.sourceforge.net"
| #define PACKAGE "dfu-util"
| #define VERSION "0.9+usbdk"
| /* end confdefs.h.  */
| 
| /* Override any GCC internal prototype to avoid an error.
|    Use char because int might match the return type of a GCC
|    builtin and then its argument prototype would still apply.  */
| #ifdef __cplusplus
| extern "C"
| #endif
| char libusb_init ();
| int
| main ()
| {
| return libusb_init ();
|   ;
|   return 0;
| }
configure:3944: result: no
configure:4011: checking for pkg-config
configure:4029: found /usr/local/bin/pkg-config
configure:4041: result: /usr/local/bin/pkg-config
configure:4066: checking pkg-config is at least version 0.9.0
configure:4069: result: yes
configure:4081: checking for libusb-1.0 >= 1.0.0
configure:4088: $PKG_CONFIG --exists --print-errors "libusb-1.0 >= 1.0.0"
configure:4091: $? = 0
configure:4105: $PKG_CONFIG --exists --print-errors "libusb-1.0 >= 1.0.0"
configure:4108: $? = 0
configure:4146: result: yes
configure:4162: checking how to run the C preprocessor
configure:4193: gcc -E  conftest.c
configure:4193: $? = 0
configure:4207: gcc -E  conftest.c
conftest.c:11:10: fatal error: 'ac_nonexistent.h' file not found
#include <ac_nonexistent.h>
         ^~~~~~~~~~~~~~~~~~
1 error generated.
configure:4207: $? = 1
configure: failed program was:
| /* confdefs.h */
| #define PACKAGE_NAME "dfu-util"
| #define PACKAGE_TARNAME "dfu-util"
| #define PACKAGE_VERSION "0.9+usbdk"
| #define PACKAGE_STRING "dfu-util 0.9+usbdk"
| #define PACKAGE_BUGREPORT "http://sourceforge.net/p/dfu-util/tickets/"
| #define PACKAGE_URL "http://dfu-util.sourceforge.net"
| #define PACKAGE "dfu-util"
| #define VERSION "0.9+usbdk"
| /* end confdefs.h.  */
| #include <ac_nonexistent.h>
configure:4232: result: gcc -E
configure:4252: gcc -E  conftest.c
configure:4252: $? = 0
configure:4266: gcc -E  conftest.c
conftest.c:11:10: fatal error: 'ac_nonexistent.h' file not found
#include <ac_nonexistent.h>
         ^~~~~~~~~~~~~~~~~~
1 error generated.
configure:4266: $? = 1
configure: failed program was:
| /* confdefs.h */
| #define PACKAGE_NAME "dfu-util"
| #define PACKAGE_TARNAME "dfu-util"
| #define PACKAGE_VERSION "0.9+usbdk"
| #define PACKAGE_STRING "dfu-util 0.9+usbdk"
| #define PACKAGE_BUGREPORT "http://sourceforge.net/p/dfu-util/tickets/"
| #define PACKAGE_URL "http://dfu-util.sourceforge.net"
| #define PACKAGE "dfu-util"
| #define VERSION "0.9+usbdk"
| /* end confdefs.h.  */
| #include <ac_nonexistent.h>
configure:4295: checking for grep that handles long lines and -e
configure:4353: result: /usr/bin/grep
configure:4358: checking for egrep
configure:4420: result: /usr/bin/grep -E
configure:4425: checking for ANSI C header files
configure:4445: gcc -c -g -O2 -I/usr/local/Cellar/libusb/1.0.23/include/libusb-1.0  conftest.c >&5
configure:4445: $? = 0
configure:4518: gcc -o conftest -g -O2 -I/usr/local/Cellar/libusb/1.0.23/include/libusb-1.0  -L/usr/local/opt/bison/lib conftest.c  -L/usr/local/Cellar/libusb/1.0.23/lib -lusb-1.0 >&5
configure:4518: $? = 0
configure:4518: ./conftest
configure:4518: $? = 0
configure:4529: result: yes
configure:4542: checking for sys/types.h
configure:4542: gcc -c -g -O2 -I/usr/local/Cellar/libusb/1.0.23/include/libusb-1.0  conftest.c >&5
configure:4542: $? = 0
configure:4542: result: yes
configure:4542: checking for sys/stat.h
configure:4542: gcc -c -g -O2 -I/usr/local/Cellar/libusb/1.0.23/include/libusb-1.0  conftest.c >&5
configure:4542: $? = 0
configure:4542: result: yes
configure:4542: checking for stdlib.h
configure:4542: gcc -c -g -O2 -I/usr/local/Cellar/libusb/1.0.23/include/libusb-1.0  conftest.c >&5
configure:4542: $? = 0
configure:4542: result: yes
configure:4542: checking for string.h
configure:4542: gcc -c -g -O2 -I/usr/local/Cellar/libusb/1.0.23/include/libusb-1.0  conftest.c >&5
configure:4542: $? = 0
configure:4542: result: yes
configure:4542: checking for memory.h
configure:4542: gcc -c -g -O2 -I/usr/local/Cellar/libusb/1.0.23/include/libusb-1.0  conftest.c >&5
configure:4542: $? = 0
configure:4542: result: yes
configure:4542: checking for strings.h
configure:4542: gcc -c -g -O2 -I/usr/local/Cellar/libusb/1.0.23/include/libusb-1.0  conftest.c >&5
configure:4542: $? = 0
configure:4542: result: yes
configure:4542: checking for inttypes.h
configure:4542: gcc -c -g -O2 -I/usr/local/Cellar/libusb/1.0.23/include/libusb-1.0  conftest.c >&5
configure:4542: $? = 0
configure:4542: result: yes
configure:4542: checking for stdint.h
configure:4542: gcc -c -g -O2 -I/usr/local/Cellar/libusb/1.0.23/include/libusb-1.0  conftest.c >&5
configure:4542: $? = 0
configure:4542: result: yes
configure:4542: checking for unistd.h
configure:4542: gcc -c -g -O2 -I/usr/local/Cellar/libusb/1.0.23/include/libusb-1.0  conftest.c >&5
configure:4542: $? = 0
configure:4542: result: yes
configure:4557: checking windows.h usability
configure:4557: gcc -c -g -O2 -I/usr/local/Cellar/libusb/1.0.23/include/libusb-1.0  conftest.c >&5
conftest.c:54:10: fatal error: 'windows.h' file not found
#include <windows.h>
         ^~~~~~~~~~~
1 error generated.
configure:4557: $? = 1
configure: failed program was:
| /* confdefs.h */
| #define PACKAGE_NAME "dfu-util"
| #define PACKAGE_TARNAME "dfu-util"
| #define PACKAGE_VERSION "0.9+usbdk"
| #define PACKAGE_STRING "dfu-util 0.9+usbdk"
| #define PACKAGE_BUGREPORT "http://sourceforge.net/p/dfu-util/tickets/"
| #define PACKAGE_URL "http://dfu-util.sourceforge.net"
| #define PACKAGE "dfu-util"
| #define VERSION "0.9+usbdk"
| #define STDC_HEADERS 1
| #define HAVE_SYS_TYPES_H 1
| #define HAVE_SYS_STAT_H 1
| #define HAVE_STDLIB_H 1
| #define HAVE_STRING_H 1
| #define HAVE_MEMORY_H 1
| #define HAVE_STRINGS_H 1
| #define HAVE_INTTYPES_H 1
| #define HAVE_STDINT_H 1
| #define HAVE_UNISTD_H 1
| /* end confdefs.h.  */
| #include <stdio.h>
| #ifdef HAVE_SYS_TYPES_H
| # include <sys/types.h>
| #endif
| #ifdef HAVE_SYS_STAT_H
| # include <sys/stat.h>
| #endif
| #ifdef STDC_HEADERS
| # include <stdlib.h>
| # include <stddef.h>
| #else
| # ifdef HAVE_STDLIB_H
| #  include <stdlib.h>
| # endif
| #endif
| #ifdef HAVE_STRING_H
| # if !defined STDC_HEADERS && defined HAVE_MEMORY_H
| #  include <memory.h>
| # endif
| # include <string.h>
| #endif
| #ifdef HAVE_STRINGS_H
| # include <strings.h>
| #endif
| #ifdef HAVE_INTTYPES_H
| # include <inttypes.h>
| #endif
| #ifdef HAVE_STDINT_H
| # include <stdint.h>
| #endif
| #ifdef HAVE_UNISTD_H
| # include <unistd.h>
| #endif
| #include <windows.h>
configure:4557: result: no
configure:4557: checking windows.h presence
configure:4557: gcc -E  conftest.c
conftest.c:21:10: fatal error: 'windows.h' file not found
#include <windows.h>
         ^~~~~~~~~~~
1 error generated.
configure:4557: $? = 1
configure: failed program was:
| /* confdefs.h */
| #define PACKAGE_NAME "dfu-util"
| #define PACKAGE_TARNAME "dfu-util"
| #define PACKAGE_VERSION "0.9+usbdk"
| #define PACKAGE_STRING "dfu-util 0.9+usbdk"
| #define PACKAGE_BUGREPORT "http://sourceforge.net/p/dfu-util/tickets/"
| #define PACKAGE_URL "http://dfu-util.sourceforge.net"
| #define PACKAGE "dfu-util"
| #define VERSION "0.9+usbdk"
| #define STDC_HEADERS 1
| #define HAVE_SYS_TYPES_H 1
| #define HAVE_SYS_STAT_H 1
| #define HAVE_STDLIB_H 1
| #define HAVE_STRING_H 1
| #define HAVE_MEMORY_H 1
| #define HAVE_STRINGS_H 1
| #define HAVE_INTTYPES_H 1
| #define HAVE_STDINT_H 1
| #define HAVE_UNISTD_H 1
| /* end confdefs.h.  */
| #include <windows.h>
configure:4557: result: no
configure:4557: checking for windows.h
configure:4557: result: no
configure:4557: checking sysexits.h usability
configure:4557: gcc -c -g -O2 -I/usr/local/Cellar/libusb/1.0.23/include/libusb-1.0  conftest.c >&5
configure:4557: $? = 0
configure:4557: result: yes
configure:4557: checking sysexits.h presence
configure:4557: gcc -E  conftest.c
configure:4557: $? = 0
configure:4557: result: yes
configure:4557: checking for sysexits.h
configure:4557: result: yes
configure:4557: checking for unistd.h
configure:4557: result: yes
configure:4569: checking for an ANSI C-conforming const
configure:4635: gcc -c -g -O2 -I/usr/local/Cellar/libusb/1.0.23/include/libusb-1.0  conftest.c >&5
configure:4635: $? = 0
configure:4642: result: yes
configure:4650: checking for size_t
configure:4650: gcc -c -g -O2 -I/usr/local/Cellar/libusb/1.0.23/include/libusb-1.0  conftest.c >&5
configure:4650: $? = 0
configure:4650: gcc -c -g -O2 -I/usr/local/Cellar/libusb/1.0.23/include/libusb-1.0  conftest.c >&5
conftest.c:59:21: error: expected expression
if (sizeof ((size_t)))
                    ^
1 error generated.
configure:4650: $? = 1
configure: failed program was:
| /* confdefs.h */
| #define PACKAGE_NAME "dfu-util"
| #define PACKAGE_TARNAME "dfu-util"
| #define PACKAGE_VERSION "0.9+usbdk"
| #define PACKAGE_STRING "dfu-util 0.9+usbdk"
| #define PACKAGE_BUGREPORT "http://sourceforge.net/p/dfu-util/tickets/"
| #define PACKAGE_URL "http://dfu-util.sourceforge.net"
| #define PACKAGE "dfu-util"
| #define VERSION "0.9+usbdk"
| #define STDC_HEADERS 1
| #define HAVE_SYS_TYPES_H 1
| #define HAVE_SYS_STAT_H 1
| #define HAVE_STDLIB_H 1
| #define HAVE_STRING_H 1
| #define HAVE_MEMORY_H 1
| #define HAVE_STRINGS_H 1
| #define HAVE_INTTYPES_H 1
| #define HAVE_STDINT_H 1
| #define HAVE_UNISTD_H 1
| #define HAVE_SYSEXITS_H 1
| #define HAVE_UNISTD_H 1
| /* end confdefs.h.  */
| #include <stdio.h>
| #ifdef HAVE_SYS_TYPES_H
| # include <sys/types.h>
| #endif
| #ifdef HAVE_SYS_STAT_H
| # include <sys/stat.h>
| #endif
| #ifdef STDC_HEADERS
| # include <stdlib.h>
| # include <stddef.h>
| #else
| # ifdef HAVE_STDLIB_H
| #  include <stdlib.h>
| # endif
| #endif
| #ifdef HAVE_STRING_H
| # if !defined STDC_HEADERS && defined HAVE_MEMORY_H
| #  include <memory.h>
| # endif
| # include <string.h>
| #endif
| #ifdef HAVE_STRINGS_H
| # include <strings.h>
| #endif
| #ifdef HAVE_INTTYPES_H
| # include <inttypes.h>
| #endif
| #ifdef HAVE_STDINT_H
| # include <stdint.h>
| #endif
| #ifdef HAVE_UNISTD_H
| # include <unistd.h>
| #endif
| int
| main ()
| {
| if (sizeof ((size_t)))
| 	    return 0;
|   ;
|   return 0;
| }
configure:4650: result: yes
configure:4663: checking for working memcmp
configure:4706: gcc -o conftest -g -O2 -I/usr/local/Cellar/libusb/1.0.23/include/libusb-1.0  -L/usr/local/opt/bison/lib conftest.c  -L/usr/local/Cellar/libusb/1.0.23/lib -lusb-1.0 >&5
configure:4706: $? = 0
configure:4706: ./conftest
configure:4706: $? = 0
configure:4716: result: yes
configure:4728: checking for getpagesize
configure:4728: gcc -o conftest -g -O2 -I/usr/local/Cellar/libusb/1.0.23/include/libusb-1.0  -L/usr/local/opt/bison/lib conftest.c  -L/usr/local/Cellar/libusb/1.0.23/lib -lusb-1.0 >&5
configure:4728: $? = 0
configure:4728: result: yes
configure:4728: checking for nanosleep
configure:4728: gcc -o conftest -g -O2 -I/usr/local/Cellar/libusb/1.0.23/include/libusb-1.0  -L/usr/local/opt/bison/lib conftest.c  -L/usr/local/Cellar/libusb/1.0.23/lib -lusb-1.0 >&5
configure:4728: $? = 0
configure:4728: result: yes
configure:4728: checking for err
configure:4728: gcc -o conftest -g -O2 -I/usr/local/Cellar/libusb/1.0.23/include/libusb-1.0  -L/usr/local/opt/bison/lib conftest.c  -L/usr/local/Cellar/libusb/1.0.23/lib -lusb-1.0 >&5
configure:4728: $? = 0
configure:4728: result: yes
configure:4849: checking that generated files are newer than configure
configure:4855: result: done
configure:4878: creating ./config.status

## ---------------------- ##
## Running config.status. ##
## ---------------------- ##

This file was extended by dfu-util config.status 0.9+usbdk, which was
generated by GNU Autoconf 2.69.  Invocation command line was

  CONFIG_FILES    = 
  CONFIG_HEADERS  = 
  CONFIG_LINKS    = 
  CONFIG_COMMANDS = 
  $ ./config.status 

on glados.local

config.status:865: creating Makefile
config.status:865: creating src/Makefile
config.status:865: creating doc/Makefile
config.status:865: creating config.h
config.status:1046: config.h is unchanged
config.status:1094: executing depfiles commands
config.status:1171: cd src       && sed -e '/# am--include-marker/d' Makefile         | make -f - am--depfiles
make: Nothing to be done for `am--depfiles'.
config.status:1176: $? = 0

## ---------------- ##
## Cache variables. ##
## ---------------- ##

ac_cv_c_compiler_gnu=yes
ac_cv_c_const=yes
ac_cv_env_CC_set=
ac_cv_env_CC_value=
ac_cv_env_CFLAGS_set=
ac_cv_env_CFLAGS_value=
ac_cv_env_CPPFLAGS_set=
ac_cv_env_CPPFLAGS_value=
ac_cv_env_CPP_set=
ac_cv_env_CPP_value=
ac_cv_env_LDFLAGS_set=set
ac_cv_env_LDFLAGS_value=-L/usr/local/opt/bison/lib
ac_cv_env_LIBS_set=
ac_cv_env_LIBS_value=
ac_cv_env_PKG_CONFIG_LIBDIR_set=
ac_cv_env_PKG_CONFIG_LIBDIR_value=
ac_cv_env_PKG_CONFIG_PATH_set=
ac_cv_env_PKG_CONFIG_PATH_value=
ac_cv_env_PKG_CONFIG_set=
ac_cv_env_PKG_CONFIG_value=
ac_cv_env_USB_CFLAGS_set=
ac_cv_env_USB_CFLAGS_value=
ac_cv_env_USB_LIBS_set=
ac_cv_env_USB_LIBS_value=
ac_cv_env_build_alias_set=
ac_cv_env_build_alias_value=
ac_cv_env_host_alias_set=
ac_cv_env_host_alias_value=
ac_cv_env_target_alias_set=
ac_cv_env_target_alias_value=
ac_cv_func_err=yes
ac_cv_func_getpagesize=yes
ac_cv_func_memcmp_working=yes
ac_cv_func_nanosleep=yes
ac_cv_header_inttypes_h=yes
ac_cv_header_memory_h=yes
ac_cv_header_stdc=yes
ac_cv_header_stdint_h=yes
ac_cv_header_stdlib_h=yes
ac_cv_header_string_h=yes
ac_cv_header_strings_h=yes
ac_cv_header_sys_stat_h=yes
ac_cv_header_sys_types_h=yes
ac_cv_header_sysexits_h=yes
ac_cv_header_unistd_h=yes
ac_cv_header_windows_h=no
ac_cv_lib_usb_libusb_init=no
ac_cv_objext=o
ac_cv_path_EGREP='/usr/bin/grep -E'
ac_cv_path_GREP=/usr/bin/grep
ac_cv_path_ac_pt_PKG_CONFIG=/usr/local/bin/pkg-config
ac_cv_path_install='/usr/local/bin/ginstall -c'
ac_cv_path_mkdir=/usr/local/bin/gmkdir
ac_cv_prog_AWK=awk
ac_cv_prog_CPP='gcc -E'
ac_cv_prog_ac_ct_CC=gcc
ac_cv_prog_cc_c89=
ac_cv_prog_cc_g=yes
ac_cv_prog_make_make_set=yes
ac_cv_type_size_t=yes
am_cv_CC_dependencies_compiler_type=gcc3
am_cv_make_support_nested_variables=yes
am_cv_prog_cc_c_o=yes
pkg_cv_USB_CFLAGS=-I/usr/local/Cellar/libusb/1.0.23/include/libusb-1.0
pkg_cv_USB_LIBS='-L/usr/local/Cellar/libusb/1.0.23/lib -lusb-1.0'

## ----------------- ##
## Output variables. ##
## ----------------- ##

ACLOCAL='${SHELL} /Users/heron/Development/SCSI2SD-V6/src/scsi2sd-util6/dfu-util/m4/missing aclocal-1.16'
AMDEPBACKSLASH='\'
AMDEP_FALSE='#'
AMDEP_TRUE=''
AMTAR='$${TAR-tar}'
AM_BACKSLASH='\'
AM_DEFAULT_V='$(AM_DEFAULT_VERBOSITY)'
AM_DEFAULT_VERBOSITY='0'
AM_V='$(V)'
AUTOCONF='${SHELL} /Users/heron/Development/SCSI2SD-V6/src/scsi2sd-util6/dfu-util/m4/missing autoconf'
AUTOHEADER='${SHELL} /Users/heron/Development/SCSI2SD-V6/src/scsi2sd-util6/dfu-util/m4/missing autoheader'
AUTOMAKE='${SHELL} /Users/heron/Development/SCSI2SD-V6/src/scsi2sd-util6/dfu-util/m4/missing automake-1.16'
AWK='awk'
CC='gcc'
CCDEPMODE='depmode=gcc3'
CFLAGS='-g -O2 -I/usr/local/Cellar/libusb/1.0.23/include/libusb-1.0'
CPP='gcc -E'
CPPFLAGS=''
CYGPATH_W='echo'
DEFS='-DHAVE_CONFIG_H'
DEPDIR='.deps'
ECHO_C='\c'
ECHO_N=''
ECHO_T=''
EGREP='/usr/bin/grep -E'
EXEEXT=''
GREP='/usr/bin/grep'
INSTALL_DATA='${INSTALL} -m 644'
INSTALL_PROGRAM='${INSTALL}'
INSTALL_SCRIPT='${INSTALL}'
INSTALL_STRIP_PROGRAM='$(install_sh) -c -s'
LDFLAGS='-L/usr/local/opt/bison/lib'
LIBOBJS=''
LIBS=' -L/usr/local/Cellar/libusb/1.0.23/lib -lusb-1.0'
LTLIBOBJS=''
MAKEINFO='${SHELL} /Users/heron/Development/SCSI2SD-V6/src/scsi2sd-util6/dfu-util/m4/missing makeinfo'
MKDIR_P='/usr/local/bin/gmkdir -p'
OBJEXT='o'
PACKAGE='dfu-util'
PACKAGE_BUGREPORT='http://sourceforge.net/p/dfu-util/tickets/'
PACKAGE_NAME='dfu-util'
PACKAGE_STRING='dfu-util 0.9+usbdk'
PACKAGE_TARNAME='dfu-util'
PACKAGE_URL='http://dfu-util.sourceforge.net'
PACKAGE_VERSION='0.9+usbdk'
PATH_SEPARATOR=':'
PKG_CONFIG='/usr/local/bin/pkg-config'
PKG_CONFIG_LIBDIR=''
PKG_CONFIG_PATH=''
SET_MAKE=''
SHELL='/bin/sh'
STRIP=''
USB_CFLAGS='-I/usr/local/Cellar/libusb/1.0.23/include/libusb-1.0'
USB_LIBS='-L/usr/local/Cellar/libusb/1.0.23/lib -lusb-1.0'
VERSION='0.9+usbdk'
ac_ct_CC='gcc'
am__EXEEXT_FALSE=''
am__EXEEXT_TRUE='#'
am__fastdepCC_FALSE='#'
am__fastdepCC_TRUE=''
am__include='include'
am__isrc=''
am__leading_dot='.'
am__nodep='_no'
am__quote=''
am__tar='$${TAR-tar} chof - "$$tardir"'
am__untar='$${TAR-tar} xf -'
bindir='${exec_prefix}/bin'
build_alias=''
datadir='${datarootdir}'
datarootdir='${prefix}/share'
docdir='${datarootdir}/doc/${PACKAGE_TARNAME}'
dvidir='${docdir}'
exec_prefix='${prefix}'
host_alias=''
htmldir='${docdir}'
includedir='${prefix}/include'
infodir='${datarootdir}/info'
install_sh='${SHELL} /Users/heron/Development/SCSI2SD-V6/src/scsi2sd-util6/dfu-util/m4/install-sh'
libdir='${exec_prefix}/lib'
libexecdir='${exec_prefix}/libexec'
localedir='${datarootdir}/locale'
localstatedir='${prefix}/var'
mandir='${datarootdir}/man'
mkdir_p='$(MKDIR_P)'
oldincludedir='/usr/include'
pdfdir='${docdir}'
prefix='/usr/local'
program_transform_name='s,x,x,'
psdir='${docdir}'
sbindir='${exec_prefix}/sbin'
sharedstatedir='${prefix}/com'
sysconfdir='${prefix}/etc'
target_alias=''

## ----------- ##
## confdefs.h. ##
## ----------- ##

/* confdefs.h */
#define PACKAGE_NAME "dfu-util"
#define PACKAGE_TARNAME "dfu-util"
#define PACKAGE_VERSION "0.9+usbdk"
#define PACKAGE_STRING "dfu-util 0.9+usbdk"
#define PACKAGE_BUGREPORT "http://sourceforge.net/p/dfu-util/tickets/"
#define PACKAGE_URL "http://dfu-util.sourceforge.net"
#define PACKAGE "dfu-util"
#define VERSION "0.9+usbdk"
#define STDC_HEADERS 1
#define HAVE_SYS_TYPES_H 1
#define HAVE_SYS_STAT_H 1
#define HAVE_STDLIB_H 1
#define HAVE_STRING_H 1
#define HAVE_MEMORY_H 1
#define HAVE_STRINGS_H 1
#define HAVE_INTTYPES_H 1
#define HAVE_STDINT_H 1
#define HAVE_UNISTD_H 1
#define HAVE_SYSEXITS_H 1
#define HAVE_UNISTD_H 1
#define HAVE_GETPAGESIZE 1
#define HAVE_NANOSLEEP 1
#define HAVE_ERR 1

configure: exit 0
